<?xml version="1.0" encoding="UTF-8"?>
<!-- Generated by org.testng.reporters.JUnitReportReporter -->
<testsuite hostname="L_RA_506" failures="0" tests="1" name="runner.TestRunner" time="13.161" errors="0" timestamp="2024-01-06T15:48:14 IST" skipped="0">
  <testcase classname="runner.TestRunner" name="runScenario" time="13.161"/>
  <system-out/>
</testsuite> <!-- runner.TestRunner -->
